c:\users\logan\documents\visual studio 2015\projects\phazer\phazer\release\vc140.pdb
c:\users\logan\documents\visual studio 2015\projects\phazer\phazer\release\phazer.obj
c:\users\logan\documents\visual studio 2015\projects\phazer\phazer\release\menu.obj
c:\users\logan\documents\visual studio 2015\projects\phazer\phazer\release\virusmethods.obj
c:\users\logan\documents\visual studio 2015\projects\phazer\phazer\release\phazer.pch
c:\users\logan\documents\visual studio 2015\projects\phazer\phazer\release\stdafx.obj
c:\users\logan\documents\visual studio 2015\projects\phazer\phazer\release\sillymouse.obj
c:\users\logan\documents\visual studio 2015\projects\phazer\phazer\release\hexwriter.obj
c:\users\logan\documents\visual studio 2015\projects\phazer\release\phazer.exe
c:\users\logan\documents\visual studio 2015\projects\phazer\release\phazer.ipdb
c:\users\logan\documents\visual studio 2015\projects\phazer\release\phazer.iobj
c:\users\logan\documents\visual studio 2015\projects\phazer\release\phazer.pdb
c:\users\logan\documents\visual studio 2015\projects\phazer\phazer\release\phazer.res
c:\users\logan\documents\visual studio 2015\projects\phazer\phazer\release\phazer.tlog\cl.command.1.tlog
c:\users\logan\documents\visual studio 2015\projects\phazer\phazer\release\phazer.tlog\cl.read.1.tlog
c:\users\logan\documents\visual studio 2015\projects\phazer\phazer\release\phazer.tlog\cl.write.1.tlog
c:\users\logan\documents\visual studio 2015\projects\phazer\phazer\release\phazer.tlog\link.command.1.tlog
c:\users\logan\documents\visual studio 2015\projects\phazer\phazer\release\phazer.tlog\link.read.1.tlog
c:\users\logan\documents\visual studio 2015\projects\phazer\phazer\release\phazer.tlog\link.write.1.tlog
c:\users\logan\documents\visual studio 2015\projects\phazer\phazer\release\phazer.tlog\rc.command.1.tlog
c:\users\logan\documents\visual studio 2015\projects\phazer\phazer\release\phazer.tlog\rc.read.1.tlog
c:\users\logan\documents\visual studio 2015\projects\phazer\phazer\release\phazer.tlog\rc.write.1.tlog
