e:\phazer\phazer\debug\phazer.res
c:\users\logan\documents\visual studio 2015\projects\consoleapplication1\debug\phazer.ilk
c:\users\logan\documents\visual studio 2015\projects\consoleapplication1\debug\phazer.exe
c:\users\logan\documents\visual studio 2015\projects\consoleapplication1\debug\phazer.pdb
e:\phazer\phazer\debug\phazer.pch
e:\phazer\phazer\debug\vc140.pdb
e:\phazer\phazer\debug\vc140.idb
e:\phazer\phazer\debug\stdafx.obj
e:\phazer\phazer\debug\hexwriter.obj
e:\phazer\phazer\debug\menu.obj
e:\phazer\phazer\debug\sillymouse.obj
e:\phazer\phazer\debug\hexlayout.obj
e:\phazer\phazer\debug\window.obj
e:\phazer\phazer\debug\phazer.obj
e:\phazer\phazer\debug\phazer.tlog\cl.command.1.tlog
e:\phazer\phazer\debug\phazer.tlog\link.command.1.tlog
e:\phazer\phazer\debug\phazer.tlog\rc.command.1.tlog
e:\phazer\phazer\debug\phazer.tlog\cl.read.1.tlog
e:\phazer\phazer\debug\phazer.tlog\link.read.1.tlog
e:\phazer\phazer\debug\phazer.tlog\rc.read.1.tlog
e:\phazer\phazer\debug\phazer.tlog\rc.write.1.tlog
e:\phazer\phazer\debug\phazer.tlog\link.write.1.tlog
e:\phazer\phazer\debug\phazer.tlog\cl.write.1.tlog
