k:\c++\phazer\phazer\x64\debug\vc141.pdb
k:\c++\phazer\phazer\x64\debug\vc141.idb
k:\c++\phazer\phazer\x64\debug\phazer v 1.2.pch
k:\c++\phazer\phazer\x64\debug\stdafx.obj
k:\c++\phazer\phazer\x64\debug\handler.obj
k:\c++\phazer\phazer\x64\debug\hexwriter.obj
k:\c++\phazer\phazer\x64\debug\phazer v 1.2.obj
k:\c++\phazer\phazer\x64\debug\menu.obj
k:\c++\phazer\phazer\x64\debug\sillymouse.obj
k:\c++\phazer\phazer\x64\debug\hexlayout.obj
k:\c++\phazer\phazer\x64\debug\virusmethods.obj
k:\c++\phazer\phazer\x64\debug\phazer.res
k:\c++\phazer\phazer\x64\debug\sillymouse.res
k:\c++\phazer\x64\debug\phazer v 1.2.exe
k:\c++\phazer\x64\debug\phazer v 1.2.ilk
k:\c++\phazer\x64\debug\phazer v 1.2.pdb
k:\c++\phazer\phazer\x64\debug\phazer v 1.2.tlog\cl.read.1.tlog
k:\c++\phazer\phazer\x64\debug\phazer v 1.2.tlog\cl.write.1.tlog
k:\c++\phazer\phazer\x64\debug\phazer v 1.2.tlog\cl.command.1.tlog
k:\c++\phazer\phazer\x64\debug\phazer v 1.2.tlog\rc.read.1.tlog
k:\c++\phazer\phazer\x64\debug\phazer v 1.2.tlog\rc.write.1.tlog
k:\c++\phazer\phazer\x64\debug\phazer v 1.2.tlog\rc.command.1.tlog
k:\c++\phazer\phazer\x64\debug\phazer v 1.2.tlog\link.read.1.tlog
k:\c++\phazer\phazer\x64\debug\phazer v 1.2.tlog\link.write.1.tlog
k:\c++\phazer\phazer\x64\debug\phazer v 1.2.tlog\link.command.1.tlog
